<?xml version="1.0" encoding="UTF-8"?>
<!-- Generated by org.testng.reporters.JUnitReportReporter -->
<testsuite skipped="0" hostname="surabhilittlangel" name="WeatherReport.QantasAPI.TC002$TC001_CurrentWeather_Lat_Long" tests="1" failures="0" timestamp="2022-03-03T15:13:17 IST" time="3.395" errors="0">
  <testcase name="getCurrentWeatherReport" time="3.395" classname="WeatherReport.QantasAPI.TC002$TC001_CurrentWeather_Lat_Long"/>
  <system-out/>
</testsuite> <!-- WeatherReport.QantasAPI.TC002$TC001_CurrentWeather_Lat_Long -->
