<?xml version="1.0" encoding="UTF-8"?>
<!-- Generated by org.testng.reporters.JUnitReportReporter -->
<testsuite skipped="0" hostname="surabhilittlangel" name="WeatherReport.QantasAPI.TC001_CurrentWeather_Lat_Long" tests="2" failures="0" timestamp="2022-02-23T11:38:20 IST" time="3.058" errors="0">
  <testcase name="getCurrentWeatherReport" time="1.489" classname="WeatherReport.QantasAPI.TC001_CurrentWeather_Lat_Long"/>
  <system-out/>
  <testcase name="getCurrentWeatherReport" time="1.569" classname="WeatherReport.QantasAPI.TC001_CurrentWeather_Lat_Long"/>
  <system-out/>
</testsuite> <!-- WeatherReport.QantasAPI.TC001_CurrentWeather_Lat_Long -->
