<?xml version="1.0" encoding="UTF-8"?>
<!-- Generated by org.testng.reporters.JUnitReportReporter -->
<testsuite skipped="0" hostname="surabhilittlangel" name="WeatherReport.QantasAPI.TC003_CurrentAirQuality_Postcode" tests="2" failures="0" timestamp="2022-02-23T11:38:20 IST" time="4.956" errors="0">
  <testcase name="getCurrentAirQuality" time="3.460" classname="WeatherReport.QantasAPI.TC003_CurrentAirQuality_Postcode"/>
  <system-out/>
  <testcase name="getCurrentAirQuality" time="1.496" classname="WeatherReport.QantasAPI.TC003_CurrentAirQuality_Postcode"/>
  <system-out/>
</testsuite> <!-- WeatherReport.QantasAPI.TC003_CurrentAirQuality_Postcode -->
